<?xml version="1.0" encoding="UTF-8"?>
<testsuite xmlns:xsi="http://www.w3.org/2001/XMLSchema-instance" xsi:noNamespaceSchemaLocation="https://maven.apache.org/surefire/maven-surefire-plugin/xsd/surefire-test-report.xsd" name="com.tmall.auth.test.JwtTest" time="5.898" tests="3" errors="1" skipped="0" failures="0">
  <properties>
[...]
</properties>
  <testcase name="testParseToken" classname="com.tmall.auth.test.JwtTest" time="4.334">
    <error message="JWT signature does not match locally computed signature. JWT validity cannot be asserted and should not be trusted." type="io.jsonwebtoken.SignatureException">io.jsonwebtoken.SignatureException: JWT signature does not match locally computed signature. JWT validity cannot be asserted and should not be trusted.
	at com.tmall.auth.test.JwtTest.testParseToken(JwtTest.java:45)
</error>
  </testcase>
  <testcase name="testRsa" classname="com.tmall.auth.test.JwtTest" time="0.692"/>
  <testcase name="testGenerateToken" classname="com.tmall.auth.test.JwtTest" time="0.484"/>
</testsuite>